<div align="center">
  <h1> 30 å¤© Python æŒ‘æˆ˜ï¼šç¬¬ 15 å¤© - Python ç±»å‹é”™è¯¯ </h1>
  <a class="header-badge" target="_blank" href="https://www.linkedin.com/in/asabeneh/">
  <img src="https://img.shields.io/badge/style--5eba00.svg?label=LinkedIn&logo=linkedin&style=social">
  </a>
  <a class="header-badge" target="_blank" href="https://twitter.com/Asabeneh">
  <img alt="Twitter Follow" src="https://img.shields.io/twitter/follow/asabeneh?style=social">
  </a>

  <sub>ä½œè€…:
  <a href="https://www.linkedin.com/in/asabeneh/" target="_blank">Asabeneh Yetayeh</a><br>
  <small> ç¬¬äºŒç‰ˆ: 2021 å¹´ 7 æœˆ</small>
  </sub>
</div>
</div>

[<< ç¬¬ 14 å¤©](../14_Day_Higher_order_functions/14_higher_order_functions.md) | [ç¬¬ 16 å¤© >>](../16_Day_Python_date_time/16_python_datetime.md)

![30DaysOfPython](../images/30DaysOfPython_banner3@2x.png)
- [ğŸ“˜ ç¬¬ 15 å¤©](#-ç¬¬-15-å¤©)
  - [Python é”™è¯¯ç±»å‹](#python-é”™è¯¯ç±»å‹)
    - [SyntaxError](#syntaxerror)
    - [NameError](#nameerror)
    - [IndexError](#indexerror)
    - [ModuleNotFoundError](#modulenotfounderror)
    - [AttributeError](#attributeerror)
    - [KeyError](#keyerror)
    - [TypeError](#typeerror)
    - [ImportError](#importerror)
    - [ValueError](#valueerror)
    - [ZeroDivisionError](#zerodivisionerror)
  - [ğŸ’» ç»ƒä¹ ï¼šç¬¬ 15 å¤©](#-ç»ƒä¹ ç¬¬-15-å¤©)

# ğŸ“˜ ç¬¬ 15 å¤©

## Python é”™è¯¯ç±»å‹

å½“æˆ‘ä»¬ç¼–å†™ä»£ç æ—¶ï¼Œå¸¸å¸¸ä¼šå‡ºç°æ‹¼å†™é”™è¯¯æˆ–å…¶ä»–å¸¸è§é”™è¯¯ã€‚å¦‚æœæˆ‘ä»¬çš„ä»£ç æ— æ³•è¿è¡Œï¼ŒPython è§£é‡Šå™¨ä¼šæ˜¾ç¤ºä¸€æ¡æ¶ˆæ¯ï¼Œå…¶ä¸­åŒ…å«æœ‰å…³é—®é¢˜å‘ç”Ÿä½ç½®å’Œé”™è¯¯ç±»å‹çš„åé¦ˆä¿¡æ¯ã€‚æœ‰æ—¶å®ƒè¿˜ä¼šç»™æˆ‘ä»¬æä¾›å¯èƒ½çš„ä¿®å¤å»ºè®®ã€‚ç†è§£ç¼–ç¨‹è¯­è¨€ä¸­çš„ä¸åŒç±»å‹é”™è¯¯å°†å¸®åŠ©æˆ‘ä»¬å¿«é€Ÿè°ƒè¯•ä»£ç ï¼Œå¹¶ä½¿æˆ‘ä»¬åœ¨è¿™æ–¹é¢åšå¾—æ›´å¥½ã€‚

è®©æˆ‘ä»¬é€ä¸€çœ‹çœ‹æœ€å¸¸è§çš„é”™è¯¯ç±»å‹ã€‚é¦–å…ˆï¼Œæ‰“å¼€æˆ‘ä»¬çš„ Python äº¤äº’å¼ shellã€‚è½¬åˆ°ä½ çš„è®¡ç®—æœºç»ˆç«¯å¹¶è¾“å…¥â€œpythonâ€ã€‚Python äº¤äº’å¼ shell å°†ä¼šæ‰“å¼€ã€‚

### SyntaxError

**ç¤ºä¾‹ 1: SyntaxError**

```py
asabeneh@Asabeneh:~$ python
Python 3.9.6 (default, Jun 28 2021, 15:26:21)
[Clang 11.0.0 (clang-1100.0.33.8)] on darwin
Type "help", "copyright", "credits" or "license" for more information.
>>> print 'hello world'
  File "<stdin>", line 1
    print 'hello world'
                      ^
SyntaxError: Missing parentheses in call to 'print'. Did you mean print('hello world')?
>>>
```

æ­£å¦‚ä½ æ‰€çœ‹åˆ°çš„ï¼Œæˆ‘ä»¬çŠ¯äº†ä¸€ä¸ªè¯­æ³•é”™è¯¯ï¼Œå› ä¸ºæˆ‘ä»¬å¿˜è®°ç”¨æ‹¬å·æ‹¬èµ·å­—ç¬¦ä¸²ï¼ŒPython å·²ç»å»ºè®®äº†è§£å†³æ–¹æ¡ˆã€‚è®©æˆ‘ä»¬ä¿®å¤å®ƒã€‚

```py
asabeneh@Asabeneh:~$ python
Python 3.9.6 (default, Jun 28 2021, 15:26:21)
[Clang 11.0.0 (clang-1100.0.33.8)] on darwin
Type "help", "copyright", "credits" or "license" for more information.
>>> print 'hello world'
  File "<stdin>", line 1
    print 'hello world'
                      ^
SyntaxError: Missing parentheses in call to 'print'. Did you mean print('hello world')?
>>> print('hello world')
hello world
>>>
```

é”™è¯¯æ˜¯ _SyntaxError_ã€‚ä¿®å¤åï¼Œæˆ‘ä»¬çš„ä»£ç é¡ºåˆ©æ‰§è¡Œã€‚è®©æˆ‘ä»¬çœ‹çœ‹æ›´å¤šçš„é”™è¯¯ç±»å‹ã€‚

### NameError

**ç¤ºä¾‹ 1: NameError**

```py
asabeneh@Asabeneh:~$ python
Python 3.9.6 (default, Jun 28 2021, 15:26:21)
[Clang 11.0.0 (clang-1100.0.33.8)] on darwin
Type "help", "copyright", "credits" or "license" for more information.
>>> print(age)
Traceback (most recent call last):
  File "<stdin>", line 1, in <module>
NameError: name 'age' is not defined
>>>
```

æ­£å¦‚ä½ ä»ä¸Šé¢çš„æ¶ˆæ¯ä¸­çœ‹åˆ°çš„ï¼Œåç§° age æœªå®šä¹‰ã€‚æ˜¯çš„ï¼Œæˆ‘ä»¬ç¡®å®æ²¡æœ‰å®šä¹‰ age å˜é‡ï¼Œä½†æˆ‘ä»¬è¯•å›¾æ‰“å°å®ƒï¼Œå°±å¥½åƒæˆ‘ä»¬å·²ç»å£°æ˜äº†å®ƒä¸€æ ·ã€‚ç°åœ¨ï¼Œè®©æˆ‘ä»¬é€šè¿‡å£°æ˜å®ƒå¹¶ä¸ºå…¶èµ‹å€¼æ¥ä¿®å¤è¿™ä¸ªé—®é¢˜ã€‚

```py
asabeneh@Asabeneh:~$ python
Python 3.9.6 (default, Jun 28 2021, 15:26:21)
[Clang 11.0.0 (clang-1100.0.33.8)] on darwin
Type "help", "copyright", "credits" or "license" for more information.
>>> print(age)
Traceback (most recent call last):
  File "<stdin>", line 1, in <module>
NameError: name 'age' is not defined
>>> age = 25
>>> print(age)
25
>>>
```

é”™è¯¯ç±»å‹æ˜¯ _NameError_ã€‚æˆ‘ä»¬é€šè¿‡å®šä¹‰å˜é‡åæ¥è°ƒè¯•é”™è¯¯ã€‚

### IndexError

**ç¤ºä¾‹ 1: IndexError**

```py
asabeneh@Asabeneh:~$ python
Python 3.9.6 (default, Jun 28 2021, 15:26:21)
[Clang 11.0.0 (clang-1100.0.33.8)] on darwin
Type "help", "copyright", "credits" or "license" for more information.
>>> numbers = [1, 2, 3, 4, 5]
>>> numbers[5]
Traceback (most recent call last):
  File "<stdin>", line 1, in <module>
IndexError: list index out of range
>>>
```

åœ¨ä¸Šé¢çš„ç¤ºä¾‹ä¸­ï¼ŒPython å¼•å‘äº†ä¸€ä¸ª _IndexError_ï¼Œå› ä¸ºåˆ—è¡¨çš„ç´¢å¼•åªæœ‰ 0 åˆ° 4ï¼Œæ‰€ä»¥å®ƒè¶…å‡ºäº†èŒƒå›´ã€‚

### ModuleNotFoundError

**ç¤ºä¾‹ 1: ModuleNotFoundError**

```py
asabeneh@Asabeneh:~$ python
Python 3.9.6 (default, Jun 28 2021, 15:26:21)
[Clang 11.0.0 (clang-1100.0.33.8)] on darwin
Type "help", "copyright", "credits" or "license" for more information.
>>> import maths
Traceback (most recent call last):
  File "<stdin>", line 1, in <module>
ModuleNotFoundError: No module named 'maths'
>>>
```

åœ¨ä¸Šé¢çš„ç¤ºä¾‹ä¸­ï¼Œæˆ‘æ•…æ„åœ¨ math åé¢åŠ äº†ä¸€ä¸ª sï¼Œç»“æœå¼•å‘äº† _ModuleNotFoundError_ã€‚è®©æˆ‘ä»¬é€šè¿‡ä» math ä¸­åˆ é™¤å¤šä½™çš„ s æ¥ä¿®å¤å®ƒã€‚

```py
asabeneh@Asabeneh:~$ python
Python 3.9.6 (default, Jun 28 2021, 15:26:21)
[Clang 11.0.0 (clang-1100.0.33.8)] on darwin
Type "help", "copyright", "credits" or "license" for more information.
>>> import maths
Traceback (most recent call last):
  File "<stdin>", line 1, in <module>
ModuleNotFoundError: No module named 'maths'
>>> import math
>>>
```

æˆ‘ä»¬ä¿®å¤äº†å®ƒï¼Œæ‰€ä»¥è®©æˆ‘ä»¬ä½¿ç”¨ math æ¨¡å—ä¸­çš„ä¸€äº›å‡½æ•°ã€‚

### AttributeError

**ç¤ºä¾‹ 1: AttributeError**

```py
asabeneh@Asabeneh:~$ python
Python 3.9.6 (default, Jun 28 2021, 15:26:21)
[Clang 11.0.0 (clang-1100.0.33.8)] on darwin
Type "help", "copyright", "credits" or "license" for more information.
>>> import maths
Traceback (most recent call last):
  File "<stdin>", line 1, in <module>
ModuleNotFoundError: No module named 'maths'
>>> import math
>>> math.PI
Traceback (most recent call last):
  File "<stdin>", line 1, in <module>
AttributeError: module 'math' has no attribute 'PI'
>>>
```

æ­£å¦‚ä½ æ‰€çœ‹åˆ°çš„ï¼Œæˆ‘åˆçŠ¯äº†ä¸€ä¸ªé”™è¯¯ï¼æˆ‘æ²¡æœ‰è°ƒç”¨ math æ¨¡å—ä¸­çš„ pi å‡½æ•°ï¼Œè€Œæ˜¯å°è¯•è°ƒç”¨ PI å‡½æ•°ã€‚å®ƒå¼•å‘äº†ä¸€ä¸ªå±æ€§é”™è¯¯ï¼Œè¿™æ„å‘³ç€è¯¥å‡½æ•°åœ¨æ¨¡å—ä¸­ä¸å­˜åœ¨ã€‚è®©æˆ‘ä»¬é€šè¿‡å°† PI æ”¹ä¸º pi æ¥ä¿®å¤å®ƒã€‚

```py
asabeneh@Asabeneh:~$ python
Python 3.9.6 (default, Jun 28 2021, 15:26:21)
[Clang 11.0.0 (clang-1100.0.33.8)] on darwin
Type "help", "copyright", "credits" or "license" for more information.
>>> import maths
Traceback (most recent call last):
  File "<stdin>", line 1, in <module>
ModuleNotFoundError: No module named 'maths'
>>> import math
>>> math.PI
Traceback (most recent call last):
  File "<stdin>", line 1, in <module>
AttributeError: module 'math' has no attribute 'PI'
>>> math.pi
3.141592653589793
>>>
```

ç°åœ¨ï¼Œå½“æˆ‘ä»¬ä» math æ¨¡å—è°ƒç”¨ pi æ—¶ï¼Œæˆ‘ä»¬å¾—åˆ°äº†ç»“æœã€‚

### KeyError

**ç¤ºä¾‹ 1: KeyError**

```py
asabeneh@Asabeneh:~$ python
Python 3.9.6 (default, Jun 28 2021, 15:26:21)
[Clang 11.0.0 (clang-1100.0.33.8)] on darwin
Type "help", "copyright", "credits" or "license" for more information.
>>> users = {'name':'Asab', 'age':250, 'country':'Finland'}
>>> users['name']
'Asab'
>>> users['county']
Traceback (most recent call last):
  File "<stdin>", line 1, in <module>
KeyError: 'county'
>>>
```

æ­£å¦‚ä½ æ‰€çœ‹åˆ°çš„ï¼Œç”¨äºè·å–å­—å…¸å€¼çš„é”®å­˜åœ¨æ‹¼å†™é”™è¯¯ã€‚æ‰€ä»¥ï¼Œè¿™æ˜¯ä¸€ä¸ªé”®é”™è¯¯ï¼Œä¿®å¤æ–¹æ³•éå¸¸ç®€å•ã€‚è®©æˆ‘ä»¬è¿™æ ·åšï¼

```py
asabeneh@Asabeneh:~$ python
Python 3.9.6 (default, Jun 28 2021, 15:26:21)
[Clang 11.0.0 (clang-1100.0.33.8)] on darwin
Type "help", "copyright", "credits" or "license" for more information.
>>> user = {'name':'Asab', 'age':250, 'country':'Finland'}
>>> user['name']
'Asab'
>>> user['county']
Traceback (most recent call last):
  File "<stdin>", line 1, in <module>
KeyError: 'county'
>>> user['country']
'Finland'
>>>
```

æˆ‘ä»¬è°ƒè¯•äº†é”™è¯¯ï¼Œä»£ç è¿è¡Œå¹¶å¾—åˆ°äº†å€¼ã€‚

### TypeError

**ç¤ºä¾‹ 1: TypeError**

```py
asabeneh@Asabeneh:~$ python
Python 3.9.6 (default, Jun 28 2021, 15:26:21)
[Clang 11.0.0 (clang-1100.0.33.8)] on darwin
Type "help", "copyright", "credits" or "license" for more information.
>>> 4 + '3'
Traceback (most recent call last):
  File "<stdin>", line 1, in <module>
TypeError: unsupported operand type(s) for +: 'int' and 'str'
>>>
```

åœ¨ä¸Šé¢çš„ç¤ºä¾‹ä¸­ï¼Œå¼•å‘äº†ä¸€ä¸ª TypeErrorï¼Œå› ä¸ºæˆ‘ä»¬ä¸èƒ½å°†æ•°å­—ä¸å­—ç¬¦ä¸²ç›¸åŠ ã€‚ç¬¬ä¸€ä¸ªè§£å†³æ–¹æ¡ˆæ˜¯å°†å­—ç¬¦ä¸²è½¬æ¢ä¸º int æˆ– floatã€‚å¦ä¸€ä¸ªè§£å†³æ–¹æ¡ˆæ˜¯å°†æ•°å­—è½¬æ¢ä¸ºå­—ç¬¦ä¸²ï¼ˆç»“æœå°†æ˜¯ '43'ï¼‰ã€‚è®©æˆ‘ä»¬éµå¾ªç¬¬ä¸€ä¸ªä¿®å¤æ–¹æ³•ã€‚

```py
asabeneh@Asabeneh:~$ python
Python 3.9.6 (default, Jun 28 2021, 15:26:21)
[Clang 11.0.0 (clang-1100.0.33.8)] on darwin
Type "help", "copyright", "credits" or "license" for more information.
>>> 4 + '3'
Traceback (most recent call last):
  File "<stdin>", line 1, in <module>
TypeError: unsupported operand type(s) for +: 'int' and 'str'
>>> 4 + int('3')
7
>>> 4 + float('3')
7.0
>>>
```

é”™è¯¯å·²æ¶ˆé™¤ï¼Œæˆ‘ä»¬å¾—åˆ°äº†é¢„æœŸçš„ç»“æœã€‚

### ImportError

**ç¤ºä¾‹ 1: TypeError**

```py
asabeneh@Asabeneh:~$ python
Python 3.9.6 (default, Jun 28 2021, 15:26:21)
[Clang 11.0.0 (clang-1100.0.33.8)] on darwin
Type "help", "copyright", "credits" or "license" for more information.
>>> from math import power
Traceback (most recent call last):
  File "<stdin>", line 1, in <module>
ImportError: cannot import name 'power' from 'math'
>>>
```

math æ¨¡å—ä¸­æ²¡æœ‰åä¸º power çš„å‡½æ•°ï¼Œå®ƒæœ‰ä¸€ä¸ªä¸åŒçš„åç§°ï¼š_pow_ã€‚è®©æˆ‘ä»¬çº æ­£å®ƒï¼š

```py
asabeneh@Asabeneh:~$ python
Python 3.9.6 (default, Jun 28 2021, 15:26:21)
[Clang 11.0.0 (clang-1100.0.33.8)] on darwin
Type "help", "copyright", "credits" or "license" for more information.
>>> from math import power
Traceback (most recent call last):
  File "<stdin>", line 1, in <module>
ImportError: cannot import name 'power' from 'math'
>>> from math import pow
>>> pow(2,3)
8.0
>>>
```

### ValueError

```py
asabeneh@Asabeneh:~$ python
Python 3.9.6 (default, Jun 28 2021, 15:26:21)
[Clang 11.0.0 (clang-1100.0.33.8)] on darwin
Type "help", "copyright", "credits" or "license" for more information.
>>> int('12a')
Traceback (most recent call last):
  File "<stdin>", line 1, in <module>
ValueError: invalid literal for int() with base 10: '12a'
>>>
```

åœ¨è¿™ç§æƒ…å†µä¸‹ï¼Œæˆ‘ä»¬æ— æ³•å°†ç»™å®šçš„å­—ç¬¦ä¸²æ›´æ”¹ä¸ºæ•°å­—ï¼Œå› ä¸ºå…¶ä¸­æœ‰å­—æ¯ 'a'ã€‚

### ZeroDivisionError

```py
asabeneh@Asabeneh:~$ python
Python 3.9.6 (default, Jun 28 2021, 15:26:21)
[Clang 11.0.0 (clang-1100.0.33.8)] on darwin
Type "help", "copyright", "credits" or "license" for more information.
>>> 1/0
Traceback (most recent call last):
  File "<stdin>", line 1, in <module>
ZeroDivisionError: division by zero
>>>
```

æˆ‘ä»¬ä¸èƒ½å°†ä¸€ä¸ªæ•°å­—é™¤ä»¥é›¶ã€‚

æˆ‘ä»¬å·²ç»ä»‹ç»äº†ä¸€äº› Python é”™è¯¯ç±»å‹ï¼Œå¦‚æœä½ æƒ³äº†è§£æ›´å¤šï¼Œè¯·æŸ¥çœ‹ Python æ–‡æ¡£ä¸­å…³äº Python é”™è¯¯ç±»å‹çš„å†…å®¹ã€‚
å¦‚æœä½ æ“…é•¿é˜…è¯»é”™è¯¯ç±»å‹ï¼Œé‚£ä¹ˆä½ å°†èƒ½å¤Ÿå¿«é€Ÿä¿®å¤ä½ çš„é”™è¯¯ï¼Œå¹¶ä¸”ä½ ä¹Ÿä¼šæˆä¸ºä¸€ä¸ªæ›´å¥½çš„ç¨‹åºå‘˜ã€‚

ğŸŒ• ä½ åšå¾—å¾ˆå¥½ã€‚ä½ å·²ç»æˆåŠŸäº†ä¸€åŠã€‚ç°åœ¨ä¸ºä½ çš„å¤§è„‘å’Œè‚Œè‚‰åšä¸€äº›ç»ƒä¹ ã€‚

## ğŸ’» ç»ƒä¹ ï¼šç¬¬ 15 å¤©

1. æ‰“å¼€ä½ çš„ Python äº¤äº’å¼ shell å¹¶å°è¯•æœ¬èŠ‚ä¸­æ¶µç›–çš„æ‰€æœ‰ç¤ºä¾‹ã€‚

ğŸ‰ æ­å–œï¼ ğŸ‰

[<< ç¬¬ 14 å¤©](../14_Day_Higher_order_functions/14_higher_order_functions.md) | [ç¬¬ 16 å¤© >>](../16_Day_Python_date_time/16_python_datetime.md)
